c:\users\hooman\documents\hsworkspace\hscpp\interviewstudy\interviewstudy\debug\vc120.pdb
c:\users\hooman\documents\hsworkspace\hscpp\interviewstudy\interviewstudy\debug\vc120.idb
c:\users\hooman\documents\hsworkspace\hscpp\interviewstudy\interviewstudy\debug\intset.obj
c:\users\hooman\documents\hsworkspace\hscpp\interviewstudy\interviewstudy\debug\list flattening.obj
c:\users\hooman\documents\hsworkspace\hscpp\interviewstudy\interviewstudy\debug\minheap.obj
c:\users\hooman\documents\hsworkspace\hscpp\interviewstudy\interviewstudy\debug\operations-int.obj
c:\users\hooman\documents\hsworkspace\hscpp\interviewstudy\interviewstudy\debug\sandbox.obj
c:\users\hooman\documents\hsworkspace\hscpp\interviewstudy\interviewstudy\debug\childint.obj
c:\users\hooman\documents\hsworkspace\hscpp\interviewstudy\interviewstudy\debug\treeint.obj
c:\users\hooman\documents\hsworkspace\hscpp\interviewstudy\interviewstudy\debug\bst.obj
c:\users\hooman\documents\hsworkspace\hscpp\interviewstudy\interviewstudy\debug\hashtableint.obj
c:\users\hooman\documents\hsworkspace\hscpp\interviewstudy\interviewstudy\debug\listsortedint.obj
c:\users\hooman\documents\hsworkspace\hscpp\interviewstudy\interviewstudy\debug\primenumbers-int.obj
c:\users\hooman\documents\hsworkspace\hscpp\interviewstudy\interviewstudy\debug\towersofhanoi-int.obj
c:\users\hooman\documents\hsworkspace\hscpp\interviewstudy\interviewstudy\debug\animalq-3stacks-int.obj
c:\users\hooman\documents\hsworkspace\hscpp\interviewstudy\interviewstudy\debug\listoflists print int.obj
c:\users\hooman\documents\hsworkspace\hscpp\interviewstudy\interviewstudy\debug\opaddhasht.obj
c:\users\hooman\documents\hsworkspace\hscpp\interviewstudy\interviewstudy\debug\sortint.obj
c:\users\hooman\documents\hsworkspace\hscpp\interviewstudy\interviewstudy\debug\trie(prefixtree)-binaryheap-int.obj
c:\users\hooman\documents\hsworkspace\hscpp\interviewstudy\debug\interviewstudy.ilk
c:\users\hooman\documents\hsworkspace\hscpp\interviewstudy\debug\interviewstudy.exe
c:\users\hooman\documents\hsworkspace\hscpp\interviewstudy\debug\interviewstudy.pdb
c:\users\hooman\documents\hsworkspace\hscpp\interviewstudy\interviewstudy\debug\interviewstudy.tlog\cl.command.1.tlog
c:\users\hooman\documents\hsworkspace\hscpp\interviewstudy\interviewstudy\debug\interviewstudy.tlog\cl.read.1.tlog
c:\users\hooman\documents\hsworkspace\hscpp\interviewstudy\interviewstudy\debug\interviewstudy.tlog\cl.write.1.tlog
c:\users\hooman\documents\hsworkspace\hscpp\interviewstudy\interviewstudy\debug\interviewstudy.tlog\link.command.1.tlog
c:\users\hooman\documents\hsworkspace\hscpp\interviewstudy\interviewstudy\debug\interviewstudy.tlog\link.read.1.tlog
c:\users\hooman\documents\hsworkspace\hscpp\interviewstudy\interviewstudy\debug\interviewstudy.tlog\link.write.1.tlog
